<?xml version="1.0" encoding="UTF-8"?>
<!-- Generated by org.testng.reporters.JUnitXMLReporter -->
<testsuite hostname="SudheerReddy" ignored="8" tests="1" failures="0" timestamp="11 Sep 2018 09:24:30 GMT" time="0.043" errors="0">
  <testcase name="bubleSort" time="0.013" classname="JavaProgram"/>
  <testcase name="palindrome" time="0.0" classname="JavaProgram">
    <ignored/>
  </testcase> <!-- palindrome -->
  <testcase name="palindromeOfString" time="0.0" classname="JavaProgram">
    <ignored/>
  </testcase> <!-- palindromeOfString -->
  <testcase name="oddAndEvenNumber" time="0.0" classname="JavaProgram">
    <ignored/>
  </testcase> <!-- oddAndEvenNumber -->
  <testcase name="duplicateCount" time="0.0" classname="JavaProgram">
    <ignored/>
  </testcase> <!-- duplicateCount -->
  <testcase name="reverseOfString" time="0.0" classname="JavaProgram">
    <ignored/>
  </testcase> <!-- reverseOfString -->
  <testcase name="factNumber" time="0.0" classname="JavaProgram">
    <ignored/>
  </testcase> <!-- factNumber -->
  <testcase name="fibanocciNumber" time="0.0" classname="JavaProgram">
    <ignored/>
  </testcase> <!-- fibanocciNumber -->
  <testcase name="palindromeOfNumber" time="0.0" classname="JavaProgram">
    <ignored/>
  </testcase> <!-- palindromeOfNumber -->
</testsuite>
