<?xml version="1.0" encoding="UTF-8"?>
<testng-results skipped="0" failed="0" ignored="8" total="9" passed="1">
  <reporter-output>
  </reporter-output>
  <suite name="Default suite" duration-ms="43" started-at="2018-09-11T09:24:30Z" finished-at="2018-09-11T09:24:30Z">
    <groups>
    </groups>
    <test name="Default test" duration-ms="43" started-at="2018-09-11T09:24:30Z" finished-at="2018-09-11T09:24:30Z">
      <class name="JavaProgram">
        <test-method status="PASS" signature="bubleSort()[pri:0, instance:JavaProgram@6093dd95]" name="bubleSort" duration-ms="13" started-at="2018-09-11T09:24:30Z" finished-at="2018-09-11T09:24:30Z">
          <reporter-output>
          </reporter-output>
        </test-method> <!-- bubleSort -->
      </class> <!-- JavaProgram -->
    </test> <!-- Default test -->
  </suite> <!-- Default suite -->
</testng-results>
